  CurrentAction.cpp
  ActionListReader.cpp
D:\Simon\Documents\GitHub\OnlineFighting\OnlineFighting\ActionListReader.cpp(198,30): warning C4244: '=': conversion from 'float' to 'int', possible loss of data
D:\Simon\Documents\GitHub\OnlineFighting\OnlineFighting\ActionListReader.cpp(221,40): warning C4244: '=': conversion from 'float' to 'int', possible loss of data
D:\Simon\Documents\GitHub\OnlineFighting\OnlineFighting\ActionListReader.cpp(230,38): warning C4244: '=': conversion from 'float' to 'int', possible loss of data
D:\Simon\Documents\GitHub\OnlineFighting\OnlineFighting\ActionListReader.cpp(50,41): warning C4101: 'e': unreferenced local variable
D:\Simon\Documents\GitHub\OnlineFighting\OnlineFighting\ActionListReader.cpp(61,41): warning C4101: 'e': unreferenced local variable
D:\Simon\Documents\GitHub\OnlineFighting\OnlineFighting\ActionListReader.cpp(75,41): warning C4101: 'e': unreferenced local variable
D:\Simon\Documents\GitHub\OnlineFighting\OnlineFighting\ActionListReader.cpp(148,40): warning C4101: 'e': unreferenced local variable
D:\Simon\Documents\GitHub\OnlineFighting\OnlineFighting\ActionListReader.cpp(172,40): warning C4101: 'e': unreferenced local variable
D:\Simon\Documents\GitHub\OnlineFighting\OnlineFighting\ActionListReader.cpp(181,40): warning C4101: 'e': unreferenced local variable
D:\Simon\Documents\GitHub\OnlineFighting\OnlineFighting\ActionListReader.cpp(200,40): warning C4101: 'e': unreferenced local variable
D:\Simon\Documents\GitHub\OnlineFighting\OnlineFighting\ActionListReader.cpp(223,40): warning C4101: 'e': unreferenced local variable
D:\Simon\Documents\GitHub\OnlineFighting\OnlineFighting\ActionListReader.cpp(232,40): warning C4101: 'e': unreferenced local variable
  AnimationHandler.cpp
D:\Simon\Documents\GitHub\OnlineFighting\OnlineFighting\AnimationHandler.h(22,85): warning C4244: 'argument': conversion from 'float' to 'T', possible loss of data
          with
          [
              T=int
          ]
D:\Simon\Documents\GitHub\OnlineFighting\OnlineFighting\AnimationHandler.h(22,66): warning C4244: 'argument': conversion from 'float' to 'T', possible loss of data
          with
          [
              T=int
          ]
D:\Simon\Documents\GitHub\OnlineFighting\OnlineFighting\AnimationHandler.cpp(5,55): warning C4244: 'argument': conversion from 'T' to 'float', possible loss of data
          with
          [
              T=int
          ]
D:\Simon\Documents\GitHub\OnlineFighting\OnlineFighting\AnimationHandler.cpp(5,43): warning C4244: 'argument': conversion from 'T' to 'float', possible loss of data
          with
          [
              T=int
          ]
D:\Simon\Documents\GitHub\OnlineFighting\OnlineFighting\AnimationHandler.cpp(89,45): warning C4244: 'argument': conversion from 'T' to 'float', possible loss of data
          with
          [
              T=int
          ]
D:\Simon\Documents\GitHub\OnlineFighting\OnlineFighting\AnimationHandler.cpp(89,33): warning C4244: 'argument': conversion from 'T' to 'float', possible loss of data
          with
          [
              T=int
          ]
  Character.cpp
D:\Simon\Documents\GitHub\OnlineFighting\OnlineFighting\AnimationHandler.h(22,85): warning C4244: 'argument': conversion from 'float' to 'T', possible loss of data
          with
          [
              T=int
          ]
D:\Simon\Documents\GitHub\OnlineFighting\OnlineFighting\AnimationHandler.h(22,66): warning C4244: 'argument': conversion from 'float' to 'T', possible loss of data
          with
          [
              T=int
          ]
D:\Simon\Documents\GitHub\OnlineFighting\OnlineFighting\Character.cpp(11,30): warning C4244: 'argument': conversion from 'float' to 'T', possible loss of data
          with
          [
              T=int
          ]
D:\Simon\Documents\GitHub\OnlineFighting\OnlineFighting\Character.cpp(11,27): warning C4244: 'argument': conversion from 'float' to 'T', possible loss of data
          with
          [
              T=int
          ]
  Engine.cpp
D:\Simon\Documents\GitHub\OnlineFighting\OnlineFighting\AnimationHandler.h(22,85): warning C4244: 'argument': conversion from 'float' to 'T', possible loss of data
          with
          [
              T=int
          ]
D:\Simon\Documents\GitHub\OnlineFighting\OnlineFighting\AnimationHandler.h(22,66): warning C4244: 'argument': conversion from 'float' to 'T', possible loss of data
          with
          [
              T=int
          ]
D:\Simon\Documents\GitHub\OnlineFighting\OnlineFighting\Engine.cpp(113,16): warning C4477: 'fprintf' : format string '%.4f' requires an argument of type 'double', but variadic argument 2 has type 'T'
          with
          [
              T=int
          ]
D:\Simon\Documents\GitHub\OnlineFighting\OnlineFighting\Engine.cpp(113,16): warning C4477: 'fprintf' : format string '%.4f' requires an argument of type 'double', but variadic argument 3 has type 'T'
          with
          [
              T=int
          ]
  GameState.cpp
D:\Simon\Documents\GitHub\OnlineFighting\OnlineFighting\AnimationHandler.h(22,85): warning C4244: 'argument': conversion from 'float' to 'T', possible loss of data
          with
          [
              T=int
          ]
D:\Simon\Documents\GitHub\OnlineFighting\OnlineFighting\AnimationHandler.h(22,66): warning C4244: 'argument': conversion from 'float' to 'T', possible loss of data
          with
          [
              T=int
          ]
D:\Simon\Documents\GitHub\OnlineFighting\OnlineFighting\GameState.cpp(81,26): warning C4244: '+=': conversion from 'T' to 'T', possible loss of data
          with
          [
              T=float
          ]
          and
          [
              T=int
          ]
D:\Simon\Documents\GitHub\OnlineFighting\OnlineFighting\GameState.cpp(82,26): warning C4244: '+=': conversion from 'T' to 'T', possible loss of data
          with
          [
              T=float
          ]
          and
          [
              T=int
          ]
  Main.cpp
D:\Simon\Documents\GitHub\OnlineFighting\OnlineFighting\AnimationHandler.h(22,85): warning C4244: 'argument': conversion from 'float' to 'T', possible loss of data
          with
          [
              T=int
          ]
D:\Simon\Documents\GitHub\OnlineFighting\OnlineFighting\AnimationHandler.h(22,66): warning C4244: 'argument': conversion from 'float' to 'T', possible loss of data
          with
          [
              T=int
          ]
D:\Simon\Documents\GitHub\OnlineFighting\OnlineFighting\Main.cpp(7,1): warning C4005: 'GGPO_MAX_PLAYERS': macro redefinition
D:\Simon\Documents\GitHub\OnlineFighting\OnlineFighting\include\ggponet.h(17): message : see previous definition of 'GGPO_MAX_PLAYERS'
  NonGameState.cpp
spine-cpp.lib(AnimationStateData.obj) : error LNK2038: mismatch detected for '_ITERATOR_DEBUG_LEVEL': value '2' doesn't match value '0' in CurrentAction.obj
spine-cpp.lib(AnimationStateData.obj) : error LNK2038: mismatch detected for 'RuntimeLibrary': value 'MDd_DynamicDebug' doesn't match value 'MD_DynamicRelease' in CurrentAction.obj
spine-cpp.lib(Extension.obj) : error LNK2038: mismatch detected for '_ITERATOR_DEBUG_LEVEL': value '2' doesn't match value '0' in CurrentAction.obj
spine-cpp.lib(Extension.obj) : error LNK2038: mismatch detected for 'RuntimeLibrary': value 'MDd_DynamicDebug' doesn't match value 'MD_DynamicRelease' in CurrentAction.obj
spine-cpp.lib(SkeletonJson.obj) : error LNK2038: mismatch detected for '_ITERATOR_DEBUG_LEVEL': value '2' doesn't match value '0' in CurrentAction.obj
spine-cpp.lib(SkeletonJson.obj) : error LNK2038: mismatch detected for 'RuntimeLibrary': value 'MDd_DynamicDebug' doesn't match value 'MD_DynamicRelease' in CurrentAction.obj
spine-cpp.lib(Atlas.obj) : error LNK2038: mismatch detected for '_ITERATOR_DEBUG_LEVEL': value '2' doesn't match value '0' in CurrentAction.obj
spine-cpp.lib(Atlas.obj) : error LNK2038: mismatch detected for 'RuntimeLibrary': value 'MDd_DynamicDebug' doesn't match value 'MD_DynamicRelease' in CurrentAction.obj
spine-cpp.lib(Animation.obj) : error LNK2038: mismatch detected for '_ITERATOR_DEBUG_LEVEL': value '2' doesn't match value '0' in CurrentAction.obj
spine-cpp.lib(Animation.obj) : error LNK2038: mismatch detected for 'RuntimeLibrary': value 'MDd_DynamicDebug' doesn't match value 'MD_DynamicRelease' in CurrentAction.obj
spine-cpp.lib(Skeleton.obj) : error LNK2038: mismatch detected for '_ITERATOR_DEBUG_LEVEL': value '2' doesn't match value '0' in CurrentAction.obj
spine-cpp.lib(Skeleton.obj) : error LNK2038: mismatch detected for 'RuntimeLibrary': value 'MDd_DynamicDebug' doesn't match value 'MD_DynamicRelease' in CurrentAction.obj
spine-cpp.lib(SpineObject.obj) : error LNK2038: mismatch detected for '_ITERATOR_DEBUG_LEVEL': value '2' doesn't match value '0' in CurrentAction.obj
spine-cpp.lib(SpineObject.obj) : error LNK2038: mismatch detected for 'RuntimeLibrary': value 'MDd_DynamicDebug' doesn't match value 'MD_DynamicRelease' in CurrentAction.obj
spine-cpp.lib(AnimationState.obj) : error LNK2038: mismatch detected for '_ITERATOR_DEBUG_LEVEL': value '2' doesn't match value '0' in CurrentAction.obj
spine-cpp.lib(AnimationState.obj) : error LNK2038: mismatch detected for 'RuntimeLibrary': value 'MDd_DynamicDebug' doesn't match value 'MD_DynamicRelease' in CurrentAction.obj
spine-cpp.lib(TextureLoader.obj) : error LNK2038: mismatch detected for '_ITERATOR_DEBUG_LEVEL': value '2' doesn't match value '0' in CurrentAction.obj
spine-cpp.lib(TextureLoader.obj) : error LNK2038: mismatch detected for 'RuntimeLibrary': value 'MDd_DynamicDebug' doesn't match value 'MD_DynamicRelease' in CurrentAction.obj
spine-cpp.lib(SkeletonData.obj) : error LNK2038: mismatch detected for '_ITERATOR_DEBUG_LEVEL': value '2' doesn't match value '0' in CurrentAction.obj
spine-cpp.lib(SkeletonData.obj) : error LNK2038: mismatch detected for 'RuntimeLibrary': value 'MDd_DynamicDebug' doesn't match value 'MD_DynamicRelease' in CurrentAction.obj
spine-cpp.lib(CurveTimeline.obj) : error LNK2038: mismatch detected for '_ITERATOR_DEBUG_LEVEL': value '2' doesn't match value '0' in CurrentAction.obj
spine-cpp.lib(CurveTimeline.obj) : error LNK2038: mismatch detected for 'RuntimeLibrary': value 'MDd_DynamicDebug' doesn't match value 'MD_DynamicRelease' in CurrentAction.obj
spine-cpp.lib(VertexAttachment.obj) : error LNK2038: mismatch detected for '_ITERATOR_DEBUG_LEVEL': value '2' doesn't match value '0' in CurrentAction.obj
spine-cpp.lib(VertexAttachment.obj) : error LNK2038: mismatch detected for 'RuntimeLibrary': value 'MDd_DynamicDebug' doesn't match value 'MD_DynamicRelease' in CurrentAction.obj
spine-cpp.lib(Json.obj) : error LNK2038: mismatch detected for '_ITERATOR_DEBUG_LEVEL': value '2' doesn't match value '0' in CurrentAction.obj
spine-cpp.lib(Json.obj) : error LNK2038: mismatch detected for 'RuntimeLibrary': value 'MDd_DynamicDebug' doesn't match value 'MD_DynamicRelease' in CurrentAction.obj
spine-cpp.lib(AtlasAttachmentLoader.obj) : error LNK2038: mismatch detected for '_ITERATOR_DEBUG_LEVEL': value '2' doesn't match value '0' in CurrentAction.obj
spine-cpp.lib(AtlasAttachmentLoader.obj) : error LNK2038: mismatch detected for 'RuntimeLibrary': value 'MDd_DynamicDebug' doesn't match value 'MD_DynamicRelease' in CurrentAction.obj
spine-cpp.lib(LinkedMesh.obj) : error LNK2038: mismatch detected for '_ITERATOR_DEBUG_LEVEL': value '2' doesn't match value '0' in CurrentAction.obj
spine-cpp.lib(LinkedMesh.obj) : error LNK2038: mismatch detected for 'RuntimeLibrary': value 'MDd_DynamicDebug' doesn't match value 'MD_DynamicRelease' in CurrentAction.obj
spine-cpp.lib(Skin.obj) : error LNK2038: mismatch detected for '_ITERATOR_DEBUG_LEVEL': value '2' doesn't match value '0' in CurrentAction.obj
spine-cpp.lib(Skin.obj) : error LNK2038: mismatch detected for 'RuntimeLibrary': value 'MDd_DynamicDebug' doesn't match value 'MD_DynamicRelease' in CurrentAction.obj
spine-cpp.lib(BoneData.obj) : error LNK2038: mismatch detected for '_ITERATOR_DEBUG_LEVEL': value '2' doesn't match value '0' in CurrentAction.obj
spine-cpp.lib(BoneData.obj) : error LNK2038: mismatch detected for 'RuntimeLibrary': value 'MDd_DynamicDebug' doesn't match value 'MD_DynamicRelease' in CurrentAction.obj
spine-cpp.lib(SlotData.obj) : error LNK2038: mismatch detected for '_ITERATOR_DEBUG_LEVEL': value '2' doesn't match value '0' in CurrentAction.obj
spine-cpp.lib(SlotData.obj) : error LNK2038: mismatch detected for 'RuntimeLibrary': value 'MDd_DynamicDebug' doesn't match value 'MD_DynamicRelease' in CurrentAction.obj
spine-cpp.lib(ConstraintData.obj) : error LNK2038: mismatch detected for '_ITERATOR_DEBUG_LEVEL': value '2' doesn't match value '0' in CurrentAction.obj
spine-cpp.lib(ConstraintData.obj) : error LNK2038: mismatch detected for 'RuntimeLibrary': value 'MDd_DynamicDebug' doesn't match value 'MD_DynamicRelease' in CurrentAction.obj
spine-cpp.lib(IkConstraintData.obj) : error LNK2038: mismatch detected for '_ITERATOR_DEBUG_LEVEL': value '2' doesn't match value '0' in CurrentAction.obj
spine-cpp.lib(IkConstraintData.obj) : error LNK2038: mismatch detected for 'RuntimeLibrary': value 'MDd_DynamicDebug' doesn't match value 'MD_DynamicRelease' in CurrentAction.obj
spine-cpp.lib(TransformConstraintData.obj) : error LNK2038: mismatch detected for '_ITERATOR_DEBUG_LEVEL': value '2' doesn't match value '0' in CurrentAction.obj
spine-cpp.lib(TransformConstraintData.obj) : error LNK2038: mismatch detected for 'RuntimeLibrary': value 'MDd_DynamicDebug' doesn't match value 'MD_DynamicRelease' in CurrentAction.obj
spine-cpp.lib(PathConstraintData.obj) : error LNK2038: mismatch detected for '_ITERATOR_DEBUG_LEVEL': value '2' doesn't match value '0' in CurrentAction.obj
spine-cpp.lib(PathConstraintData.obj) : error LNK2038: mismatch detected for 'RuntimeLibrary': value 'MDd_DynamicDebug' doesn't match value 'MD_DynamicRelease' in CurrentAction.obj
spine-cpp.lib(RegionAttachment.obj) : error LNK2038: mismatch detected for '_ITERATOR_DEBUG_LEVEL': value '2' doesn't match value '0' in CurrentAction.obj
spine-cpp.lib(RegionAttachment.obj) : error LNK2038: mismatch detected for 'RuntimeLibrary': value 'MDd_DynamicDebug' doesn't match value 'MD_DynamicRelease' in CurrentAction.obj
spine-cpp.lib(MeshAttachment.obj) : error LNK2038: mismatch detected for '_ITERATOR_DEBUG_LEVEL': value '2' doesn't match value '0' in CurrentAction.obj
spine-cpp.lib(MeshAttachment.obj) : error LNK2038: mismatch detected for 'RuntimeLibrary': value 'MDd_DynamicDebug' doesn't match value 'MD_DynamicRelease' in CurrentAction.obj
spine-cpp.lib(EventData.obj) : error LNK2038: mismatch detected for '_ITERATOR_DEBUG_LEVEL': value '2' doesn't match value '0' in CurrentAction.obj
spine-cpp.lib(EventData.obj) : error LNK2038: mismatch detected for 'RuntimeLibrary': value 'MDd_DynamicDebug' doesn't match value 'MD_DynamicRelease' in CurrentAction.obj
spine-cpp.lib(AttachmentTimeline.obj) : error LNK2038: mismatch detected for '_ITERATOR_DEBUG_LEVEL': value '2' doesn't match value '0' in CurrentAction.obj
spine-cpp.lib(AttachmentTimeline.obj) : error LNK2038: mismatch detected for 'RuntimeLibrary': value 'MDd_DynamicDebug' doesn't match value 'MD_DynamicRelease' in CurrentAction.obj
spine-cpp.lib(ColorTimeline.obj) : error LNK2038: mismatch detected for '_ITERATOR_DEBUG_LEVEL': value '2' doesn't match value '0' in CurrentAction.obj
spine-cpp.lib(ColorTimeline.obj) : error LNK2038: mismatch detected for 'RuntimeLibrary': value 'MDd_DynamicDebug' doesn't match value 'MD_DynamicRelease' in CurrentAction.obj
spine-cpp.lib(TwoColorTimeline.obj) : error LNK2038: mismatch detected for '_ITERATOR_DEBUG_LEVEL': value '2' doesn't match value '0' in CurrentAction.obj
spine-cpp.lib(TwoColorTimeline.obj) : error LNK2038: mismatch detected for 'RuntimeLibrary': value 'MDd_DynamicDebug' doesn't match value 'MD_DynamicRelease' in CurrentAction.obj
spine-cpp.lib(RotateTimeline.obj) : error LNK2038: mismatch detected for '_ITERATOR_DEBUG_LEVEL': value '2' doesn't match value '0' in CurrentAction.obj
spine-cpp.lib(RotateTimeline.obj) : error LNK2038: mismatch detected for 'RuntimeLibrary': value 'MDd_DynamicDebug' doesn't match value 'MD_DynamicRelease' in CurrentAction.obj
spine-cpp.lib(TranslateTimeline.obj) : error LNK2038: mismatch detected for '_ITERATOR_DEBUG_LEVEL': value '2' doesn't match value '0' in CurrentAction.obj
spine-cpp.lib(TranslateTimeline.obj) : error LNK2038: mismatch detected for 'RuntimeLibrary': value 'MDd_DynamicDebug' doesn't match value 'MD_DynamicRelease' in CurrentAction.obj
spine-cpp.lib(ScaleTimeline.obj) : error LNK2038: mismatch detected for '_ITERATOR_DEBUG_LEVEL': value '2' doesn't match value '0' in CurrentAction.obj
spine-cpp.lib(ScaleTimeline.obj) : error LNK2038: mismatch detected for 'RuntimeLibrary': value 'MDd_DynamicDebug' doesn't match value 'MD_DynamicRelease' in CurrentAction.obj
spine-cpp.lib(ShearTimeline.obj) : error LNK2038: mismatch detected for '_ITERATOR_DEBUG_LEVEL': value '2' doesn't match value '0' in CurrentAction.obj
spine-cpp.lib(ShearTimeline.obj) : error LNK2038: mismatch detected for 'RuntimeLibrary': value 'MDd_DynamicDebug' doesn't match value 'MD_DynamicRelease' in CurrentAction.obj
spine-cpp.lib(IkConstraintTimeline.obj) : error LNK2038: mismatch detected for '_ITERATOR_DEBUG_LEVEL': value '2' doesn't match value '0' in CurrentAction.obj
spine-cpp.lib(IkConstraintTimeline.obj) : error LNK2038: mismatch detected for 'RuntimeLibrary': value 'MDd_DynamicDebug' doesn't match value 'MD_DynamicRelease' in CurrentAction.obj
spine-cpp.lib(TransformConstraintTimeline.obj) : error LNK2038: mismatch detected for '_ITERATOR_DEBUG_LEVEL': value '2' doesn't match value '0' in CurrentAction.obj
spine-cpp.lib(TransformConstraintTimeline.obj) : error LNK2038: mismatch detected for 'RuntimeLibrary': value 'MDd_DynamicDebug' doesn't match value 'MD_DynamicRelease' in CurrentAction.obj
spine-cpp.lib(PathConstraintPositionTimeline.obj) : error LNK2038: mismatch detected for '_ITERATOR_DEBUG_LEVEL': value '2' doesn't match value '0' in CurrentAction.obj
spine-cpp.lib(PathConstraintPositionTimeline.obj) : error LNK2038: mismatch detected for 'RuntimeLibrary': value 'MDd_DynamicDebug' doesn't match value 'MD_DynamicRelease' in CurrentAction.obj
spine-cpp.lib(PathConstraintSpacingTimeline.obj) : error LNK2038: mismatch detected for '_ITERATOR_DEBUG_LEVEL': value '2' doesn't match value '0' in CurrentAction.obj
spine-cpp.lib(PathConstraintSpacingTimeline.obj) : error LNK2038: mismatch detected for 'RuntimeLibrary': value 'MDd_DynamicDebug' doesn't match value 'MD_DynamicRelease' in CurrentAction.obj
spine-cpp.lib(PathConstraintMixTimeline.obj) : error LNK2038: mismatch detected for '_ITERATOR_DEBUG_LEVEL': value '2' doesn't match value '0' in CurrentAction.obj
spine-cpp.lib(PathConstraintMixTimeline.obj) : error LNK2038: mismatch detected for 'RuntimeLibrary': value 'MDd_DynamicDebug' doesn't match value 'MD_DynamicRelease' in CurrentAction.obj
spine-cpp.lib(DeformTimeline.obj) : error LNK2038: mismatch detected for '_ITERATOR_DEBUG_LEVEL': value '2' doesn't match value '0' in CurrentAction.obj
spine-cpp.lib(DeformTimeline.obj) : error LNK2038: mismatch detected for 'RuntimeLibrary': value 'MDd_DynamicDebug' doesn't match value 'MD_DynamicRelease' in CurrentAction.obj
spine-cpp.lib(DrawOrderTimeline.obj) : error LNK2038: mismatch detected for '_ITERATOR_DEBUG_LEVEL': value '2' doesn't match value '0' in CurrentAction.obj
spine-cpp.lib(DrawOrderTimeline.obj) : error LNK2038: mismatch detected for 'RuntimeLibrary': value 'MDd_DynamicDebug' doesn't match value 'MD_DynamicRelease' in CurrentAction.obj
spine-cpp.lib(EventTimeline.obj) : error LNK2038: mismatch detected for '_ITERATOR_DEBUG_LEVEL': value '2' doesn't match value '0' in CurrentAction.obj
spine-cpp.lib(EventTimeline.obj) : error LNK2038: mismatch detected for 'RuntimeLibrary': value 'MDd_DynamicDebug' doesn't match value 'MD_DynamicRelease' in CurrentAction.obj
spine-cpp.lib(Event.obj) : error LNK2038: mismatch detected for '_ITERATOR_DEBUG_LEVEL': value '2' doesn't match value '0' in CurrentAction.obj
spine-cpp.lib(Event.obj) : error LNK2038: mismatch detected for 'RuntimeLibrary': value 'MDd_DynamicDebug' doesn't match value 'MD_DynamicRelease' in CurrentAction.obj
spine-cpp.lib(MathUtil.obj) : error LNK2038: mismatch detected for '_ITERATOR_DEBUG_LEVEL': value '2' doesn't match value '0' in CurrentAction.obj
spine-cpp.lib(MathUtil.obj) : error LNK2038: mismatch detected for 'RuntimeLibrary': value 'MDd_DynamicDebug' doesn't match value 'MD_DynamicRelease' in CurrentAction.obj
spine-cpp.lib(RTTI.obj) : error LNK2038: mismatch detected for '_ITERATOR_DEBUG_LEVEL': value '2' doesn't match value '0' in CurrentAction.obj
spine-cpp.lib(RTTI.obj) : error LNK2038: mismatch detected for 'RuntimeLibrary': value 'MDd_DynamicDebug' doesn't match value 'MD_DynamicRelease' in CurrentAction.obj
spine-cpp.lib(Bone.obj) : error LNK2038: mismatch detected for '_ITERATOR_DEBUG_LEVEL': value '2' doesn't match value '0' in CurrentAction.obj
spine-cpp.lib(Bone.obj) : error LNK2038: mismatch detected for 'RuntimeLibrary': value 'MDd_DynamicDebug' doesn't match value 'MD_DynamicRelease' in CurrentAction.obj
spine-cpp.lib(Slot.obj) : error LNK2038: mismatch detected for '_ITERATOR_DEBUG_LEVEL': value '2' doesn't match value '0' in CurrentAction.obj
spine-cpp.lib(Slot.obj) : error LNK2038: mismatch detected for 'RuntimeLibrary': value 'MDd_DynamicDebug' doesn't match value 'MD_DynamicRelease' in CurrentAction.obj
spine-cpp.lib(IkConstraint.obj) : error LNK2038: mismatch detected for '_ITERATOR_DEBUG_LEVEL': value '2' doesn't match value '0' in CurrentAction.obj
spine-cpp.lib(IkConstraint.obj) : error LNK2038: mismatch detected for 'RuntimeLibrary': value 'MDd_DynamicDebug' doesn't match value 'MD_DynamicRelease' in CurrentAction.obj
spine-cpp.lib(PathConstraint.obj) : error LNK2038: mismatch detected for '_ITERATOR_DEBUG_LEVEL': value '2' doesn't match value '0' in CurrentAction.obj
spine-cpp.lib(PathConstraint.obj) : error LNK2038: mismatch detected for 'RuntimeLibrary': value 'MDd_DynamicDebug' doesn't match value 'MD_DynamicRelease' in CurrentAction.obj
spine-cpp.lib(TransformConstraint.obj) : error LNK2038: mismatch detected for '_ITERATOR_DEBUG_LEVEL': value '2' doesn't match value '0' in CurrentAction.obj
spine-cpp.lib(TransformConstraint.obj) : error LNK2038: mismatch detected for 'RuntimeLibrary': value 'MDd_DynamicDebug' doesn't match value 'MD_DynamicRelease' in CurrentAction.obj
spine-cpp.lib(PathAttachment.obj) : error LNK2038: mismatch detected for '_ITERATOR_DEBUG_LEVEL': value '2' doesn't match value '0' in CurrentAction.obj
spine-cpp.lib(PathAttachment.obj) : error LNK2038: mismatch detected for 'RuntimeLibrary': value 'MDd_DynamicDebug' doesn't match value 'MD_DynamicRelease' in CurrentAction.obj
spine-cpp.lib(Timeline.obj) : error LNK2038: mismatch detected for '_ITERATOR_DEBUG_LEVEL': value '2' doesn't match value '0' in CurrentAction.obj
spine-cpp.lib(Timeline.obj) : error LNK2038: mismatch detected for 'RuntimeLibrary': value 'MDd_DynamicDebug' doesn't match value 'MD_DynamicRelease' in CurrentAction.obj
spine-cpp.lib(Attachment.obj) : error LNK2038: mismatch detected for '_ITERATOR_DEBUG_LEVEL': value '2' doesn't match value '0' in CurrentAction.obj
spine-cpp.lib(Attachment.obj) : error LNK2038: mismatch detected for 'RuntimeLibrary': value 'MDd_DynamicDebug' doesn't match value 'MD_DynamicRelease' in CurrentAction.obj
spine-cpp.lib(AttachmentLoader.obj) : error LNK2038: mismatch detected for '_ITERATOR_DEBUG_LEVEL': value '2' doesn't match value '0' in CurrentAction.obj
spine-cpp.lib(AttachmentLoader.obj) : error LNK2038: mismatch detected for 'RuntimeLibrary': value 'MDd_DynamicDebug' doesn't match value 'MD_DynamicRelease' in CurrentAction.obj
spine-cpp.lib(BoundingBoxAttachment.obj) : error LNK2038: mismatch detected for '_ITERATOR_DEBUG_LEVEL': value '2' doesn't match value '0' in CurrentAction.obj
spine-cpp.lib(BoundingBoxAttachment.obj) : error LNK2038: mismatch detected for 'RuntimeLibrary': value 'MDd_DynamicDebug' doesn't match value 'MD_DynamicRelease' in CurrentAction.obj
spine-cpp.lib(PointAttachment.obj) : error LNK2038: mismatch detected for '_ITERATOR_DEBUG_LEVEL': value '2' doesn't match value '0' in CurrentAction.obj
spine-cpp.lib(PointAttachment.obj) : error LNK2038: mismatch detected for 'RuntimeLibrary': value 'MDd_DynamicDebug' doesn't match value 'MD_DynamicRelease' in CurrentAction.obj
spine-cpp.lib(ClippingAttachment.obj) : error LNK2038: mismatch detected for '_ITERATOR_DEBUG_LEVEL': value '2' doesn't match value '0' in CurrentAction.obj
spine-cpp.lib(ClippingAttachment.obj) : error LNK2038: mismatch detected for 'RuntimeLibrary': value 'MDd_DynamicDebug' doesn't match value 'MD_DynamicRelease' in CurrentAction.obj
spine-cpp.lib(Updatable.obj) : error LNK2038: mismatch detected for '_ITERATOR_DEBUG_LEVEL': value '2' doesn't match value '0' in CurrentAction.obj
spine-cpp.lib(Updatable.obj) : error LNK2038: mismatch detected for 'RuntimeLibrary': value 'MDd_DynamicDebug' doesn't match value 'MD_DynamicRelease' in CurrentAction.obj
spine-sfml-cpp.lib(spine-sfml.obj) : error LNK2038: mismatch detected for '_ITERATOR_DEBUG_LEVEL': value '2' doesn't match value '0' in CurrentAction.obj
spine-sfml-cpp.lib(spine-sfml.obj) : error LNK2038: mismatch detected for 'RuntimeLibrary': value 'MDd_DynamicDebug' doesn't match value 'MD_DynamicRelease' in CurrentAction.obj
spine-cpp.lib(Triangulator.obj) : error LNK2038: mismatch detected for '_ITERATOR_DEBUG_LEVEL': value '2' doesn't match value '0' in CurrentAction.obj
spine-cpp.lib(Triangulator.obj) : error LNK2038: mismatch detected for 'RuntimeLibrary': value 'MDd_DynamicDebug' doesn't match value 'MD_DynamicRelease' in CurrentAction.obj
spine-cpp.lib(SkeletonClipping.obj) : error LNK2038: mismatch detected for '_ITERATOR_DEBUG_LEVEL': value '2' doesn't match value '0' in CurrentAction.obj
spine-cpp.lib(SkeletonClipping.obj) : error LNK2038: mismatch detected for 'RuntimeLibrary': value 'MDd_DynamicDebug' doesn't match value 'MD_DynamicRelease' in CurrentAction.obj
LINK : warning LNK4098: defaultlib 'MSVCRTD' conflicts with use of other libs; use /NODEFAULTLIB:library
spine-sfml-cpp.lib(spine-sfml.obj) : error LNK2001: unresolved external symbol __imp___invalid_parameter
spine-sfml-cpp.lib(spine-sfml.obj) : error LNK2001: unresolved external symbol __imp___CrtDbgReport
D:\Simon\Documents\GitHub\OnlineFighting\Release\OnlineFighting.exe : fatal error LNK1120: 2 unresolved externals
